{
  "RSpec": {
    "coverage": {
      "/home/nguyen.tien.datd@sun-asterisk.com/Desktop/rails_tutorial/app/helpers/application_helper.rb": {
        "lines": [
          1,
          1,
          null,
          1,
          0,
          0,
          null,
          null,
          1,
          0,
          null,
          0,
          null,
          0,
          null,
          null
        ]
      },
      "/home/nguyen.tien.datd@sun-asterisk.com/Desktop/rails_tutorial/app/helpers/sessions_helper.rb": {
        "lines": [
          1,
          1,
          36,
          null,
          null,
          1,
          38,
          null,
          null,
          1,
          13,
          null,
          null,
          1,
          18,
          null,
          null,
          1,
          0,
          0,
          null,
          null,
          1,
          0,
          null,
          null
        ]
      },
      "/home/nguyen.tien.datd@sun-asterisk.com/Desktop/rails_tutorial/app/controllers/posts_controller.rb": {
        "lines": [
          1,
          1,
          1,
          null,
          1,
          2,
          null,
          null,
          null,
          1,
          1,
          null,
          null,
          1,
          5,
          5,
          4,
          4,
          null,
          1,
          1,
          null,
          null,
          null,
          1,
          null,
          1,
          4,
          2,
          2,
          null,
          2,
          2,
          null,
          null,
          null,
          1,
          4,
          2,
          null,
          2,
          null,
          4,
          null,
          null,
          1,
          2,
          null,
          null,
          2,
          null,
          null,
          1,
          0,
          0,
          0,
          0,
          null,
          null,
          null,
          1,
          null,
          0,
          0,
          null,
          0,
          null,
          null,
          0,
          null,
          null,
          1,
          null,
          1,
          9,
          null,
          null,
          1,
          14,
          14,
          null,
          3,
          3,
          null,
          null,
          1,
          11,
          null,
          null
        ]
      },
      "/home/nguyen.tien.datd@sun-asterisk.com/Desktop/rails_tutorial/app/controllers/application_controller.rb": {
        "lines": [
          1,
          1,
          1,
          1,
          null,
          1,
          1,
          1,
          null,
          1,
          1,
          36,
          null,
          null,
          1,
          22,
          null,
          null,
          1,
          18,
          null,
          0,
          0,
          0,
          null,
          null,
          1,
          2,
          2,
          null,
          null,
          1,
          0,
          0,
          null,
          null,
          1,
          0,
          0,
          null,
          null
        ]
      },
      "/home/nguyen.tien.datd@sun-asterisk.com/Desktop/rails_tutorial/app/controllers/users_controller.rb": {
        "lines": [
          1,
          1,
          1,
          null,
          1,
          2,
          null,
          null,
          null,
          1,
          0,
          null,
          null,
          1,
          6,
          6,
          4,
          4,
          null,
          2,
          2,
          null,
          null,
          null,
          1,
          2,
          2,
          null,
          null,
          0,
          null,
          null,
          null,
          null,
          1,
          1,
          6,
          null,
          null,
          1,
          4,
          null,
          null
        ]
      },
      "/home/nguyen.tien.datd@sun-asterisk.com/Desktop/rails_tutorial/app/models/user.rb": {
        "lines": [
          1,
          1,
          1,
          null,
          1,
          null,
          null,
          1,
          null,
          null,
          1,
          1,
          1,
          1,
          null,
          1,
          null,
          null,
          null,
          1,
          null,
          null,
          1,
          null,
          null,
          1,
          null,
          3,
          null,
          1,
          null,
          1,
          2,
          null,
          null,
          1,
          0,
          null,
          null,
          1,
          0,
          null,
          null,
          1,
          0,
          null,
          null,
          1,
          1,
          59,
          null,
          null
        ]
      },
      "/home/nguyen.tien.datd@sun-asterisk.com/Desktop/rails_tutorial/app/models/application_record.rb": {
        "lines": [
          1,
          1,
          null
        ]
      },
      "/home/nguyen.tien.datd@sun-asterisk.com/Desktop/rails_tutorial/app/models/relationship.rb": {
        "lines": [
          1,
          1,
          1,
          null
        ]
      },
      "/home/nguyen.tien.datd@sun-asterisk.com/Desktop/rails_tutorial/app/models/post.rb": {
        "lines": [
          1,
          1,
          1,
          1,
          null,
          1,
          null,
          1,
          null,
          1,
          null,
          null,
          8,
          6,
          3,
          null,
          1,
          1,
          0,
          null,
          null,
          null
        ]
      },
      "/home/nguyen.tien.datd@sun-asterisk.com/Desktop/rails_tutorial/app/models/like.rb": {
        "lines": [
          1,
          1,
          1,
          null
        ]
      },
      "/home/nguyen.tien.datd@sun-asterisk.com/Desktop/rails_tutorial/app/channels/application_cable/channel.rb": {
        "lines": [
          0,
          0,
          0,
          0
        ],
        "branches": {
        }
      },
      "/home/nguyen.tien.datd@sun-asterisk.com/Desktop/rails_tutorial/app/channels/application_cable/connection.rb": {
        "lines": [
          0,
          0,
          0,
          0
        ],
        "branches": {
        }
      },
      "/home/nguyen.tien.datd@sun-asterisk.com/Desktop/rails_tutorial/app/controllers/api/api_exception.rb": {
        "lines": [
          0,
          0,
          0,
          0,
          0,
          0,
          null,
          0,
          0,
          0,
          0,
          0,
          0,
          0,
          null,
          0,
          0,
          null,
          0,
          0,
          0,
          0,
          0,
          0,
          0,
          0,
          0
        ],
        "branches": {
        }
      },
      "/home/nguyen.tien.datd@sun-asterisk.com/Desktop/rails_tutorial/app/controllers/api/v1/base_controller.rb": {
        "lines": [
          0,
          0,
          0,
          null,
          0,
          null,
          0,
          0,
          0,
          0,
          0,
          null,
          0,
          null,
          0,
          0,
          0,
          null,
          0,
          0,
          null,
          0,
          0,
          0,
          null,
          0,
          0,
          0,
          null,
          0,
          0,
          0,
          null,
          0,
          0,
          0,
          null,
          0,
          0,
          0,
          0
        ],
        "branches": {
        }
      },
      "/home/nguyen.tien.datd@sun-asterisk.com/Desktop/rails_tutorial/app/controllers/api/v1/posts_controller.rb": {
        "lines": [
          0,
          0,
          0,
          null,
          0,
          0,
          0,
          0,
          0,
          null,
          0,
          0,
          0,
          0,
          null,
          0,
          0,
          0,
          0,
          0,
          0,
          null,
          0,
          0,
          0,
          null,
          0,
          null,
          0,
          0,
          0,
          null,
          0,
          0,
          0,
          null,
          0,
          0,
          null,
          0,
          0,
          0
        ],
        "branches": {
        }
      },
      "/home/nguyen.tien.datd@sun-asterisk.com/Desktop/rails_tutorial/app/controllers/api/v1/relationships_controller.rb": {
        "lines": [
          0,
          0,
          null,
          0,
          0,
          null,
          0,
          0,
          0,
          null,
          0,
          0,
          null,
          0,
          0,
          null,
          0,
          null,
          0,
          0,
          0,
          0
        ],
        "branches": {
        }
      },
      "/home/nguyen.tien.datd@sun-asterisk.com/Desktop/rails_tutorial/app/controllers/api/v1/sessions_controller.rb": {
        "lines": [
          0,
          0,
          0,
          null,
          0,
          0,
          0,
          null,
          0,
          0,
          0,
          0,
          0
        ],
        "branches": {
        }
      },
      "/home/nguyen.tien.datd@sun-asterisk.com/Desktop/rails_tutorial/app/controllers/likes_controller.rb": {
        "lines": [
          0,
          0,
          0,
          0,
          null,
          0,
          0,
          0,
          0,
          0,
          0,
          0,
          null,
          0,
          0,
          0,
          0,
          0,
          0,
          0,
          null,
          0,
          0,
          0,
          0,
          null,
          0,
          0,
          0,
          0
        ],
        "branches": {
        }
      },
      "/home/nguyen.tien.datd@sun-asterisk.com/Desktop/rails_tutorial/app/controllers/relationships_controller.rb": {
        "lines": [
          0,
          0,
          null,
          0,
          0,
          0,
          0,
          0,
          0,
          0,
          0,
          0,
          null,
          0,
          0,
          0,
          0,
          0,
          0,
          0,
          0,
          0
        ],
        "branches": {
        }
      },
      "/home/nguyen.tien.datd@sun-asterisk.com/Desktop/rails_tutorial/app/controllers/sessions_controller.rb": {
        "lines": [
          0,
          0,
          null,
          0,
          0,
          0,
          0,
          0,
          0,
          0,
          0,
          0,
          0,
          0,
          0,
          null,
          0,
          0,
          0,
          0,
          0
        ],
        "branches": {
        }
      },
      "/home/nguyen.tien.datd@sun-asterisk.com/Desktop/rails_tutorial/app/controllers/static_pages_controller.rb": {
        "lines": [
          0,
          0,
          0
        ],
        "branches": {
        }
      },
      "/home/nguyen.tien.datd@sun-asterisk.com/Desktop/rails_tutorial/app/jobs/application_job.rb": {
        "lines": [
          0,
          0
        ],
        "branches": {
        }
      },
      "/home/nguyen.tien.datd@sun-asterisk.com/Desktop/rails_tutorial/app/mailers/application_mailer.rb": {
        "lines": [
          0,
          0,
          0,
          0
        ],
        "branches": {
        }
      },
      "/home/nguyen.tien.datd@sun-asterisk.com/Desktop/rails_tutorial/app/serializers/post_serializer.rb": {
        "lines": [
          0,
          0,
          0
        ],
        "branches": {
        }
      },
      "/home/nguyen.tien.datd@sun-asterisk.com/Desktop/rails_tutorial/app/serializers/user_serializer.rb": {
        "lines": [
          0,
          0,
          0
        ],
        "branches": {
        }
      },
      "/home/nguyen.tien.datd@sun-asterisk.com/Desktop/rails_tutorial/app/services/application_service.rb": {
        "lines": [
          0,
          0,
          0,
          0,
          0
        ],
        "branches": {
        }
      },
      "/home/nguyen.tien.datd@sun-asterisk.com/Desktop/rails_tutorial/app/services/post_import.rb": {
        "lines": [
          0,
          0,
          null,
          0,
          0,
          0,
          0,
          null,
          0,
          0,
          0,
          0,
          0,
          0,
          null,
          0,
          0,
          0,
          0,
          0,
          null,
          0,
          null,
          0,
          0,
          null,
          0,
          null,
          0,
          0,
          0,
          0,
          0,
          0,
          0,
          0,
          0,
          0,
          0,
          0,
          0,
          null,
          0,
          0,
          null,
          0,
          0,
          0,
          null,
          0,
          0,
          0,
          null,
          0,
          0,
          0
        ],
        "branches": {
        }
      }
    },
    "timestamp": 1723550631
  }
}
